<?xml version="1.0" encoding="UTF-8"?>
<testsuite name="com.d10ng.common.test.Base64Test" tests="1" skipped="0" failures="0" errors="0" timestamp="2023-08-07T07:33:51" hostname="D10NGMac.local" time="0.017">
  <properties/>
  <testcase name="decode[jvm]" classname="com.d10ng.common.test.Base64Test" time="0.017"/>
  <system-out><![CDATA[中文测试=5Lit5paH5rWL6K+V
qwertyuiopasdfghjklzxcvbnmQWERTYUIOPASDFGHJKLZXCVBNM=cXdlcnR5dWlvcGFzZGZnaGprbHp4Y3Zibm1RV0VSVFlVSU9QQVNERkdISktMWlhDVkJOTQ==
1234567890=MTIzNDU2Nzg5MA==
~`!@#$%^&*()_-+={[}]|\:;"'<,>.?/=fmAhQCMkJV4mKigpXy0rPXtbfV18XDo7Iic8LD4uPy8=
～·！@#¥%……&*（）-=——+【】「」｜、：；"'《，》。？/=772ewrfvvIFAI8KlJeKApuKApiYq77yI77yJLT3igJTigJQr44CQ44CR44CM44CN772c44CB77ya77ybIifjgIrvvIzjgIvjgILvvJ8v
]]></system-out>
  <system-err><![CDATA[]]></system-err>
</testsuite>
